Unity Editor version:    2020.3.22f1 (e1a7f79fd887)
Branch:                  2020.3/staging
Build type:              Release
Batch mode:              YES
macOS version:           Version 12.0.1 (Build 21A559)
Darwin version:          21.1.0
Architecture:            x86_64
Running under Rosetta:   NO
Available memory:        16384 MB
Using pre-set license
Pro License: NO

COMMAND LINE ARGUMENTS:
/Applications/Unity/Hub/Editor/2020.3.22f1/Unity.app/Contents/MacOS/Unity
-adb2
-batchMode
-noUpm
-name
AssetImportWorker0
-projectPath
/Users/vincentzhao/Desktop/SE_project_ideas/COMP2281_VR-AI-Design-Thinking/The VR room project
-logFile
Logs/AssetImportWorker0.log
-srvPort
51144
Successfully changed project path to: /Users/vincentzhao/Desktop/SE_project_ideas/COMP2281_VR-AI-Design-Thinking/The VR room project
/Users/vincentzhao/Desktop/SE_project_ideas/COMP2281_VR-AI-Design-Thinking/The VR room project
Using Asset Import Pipeline V2.
Refreshing native plugins compatible for Editor in 70.80 ms, found 3 plugins.
Preloading 1 native plugins for Editor in 7.48 ms.
Initialize engine version: 2020.3.22f1 (e1a7f79fd887)
[Subsystems] Discovering subsystems at path /Applications/Unity/Hub/Editor/2020.3.22f1/Unity.app/Contents/Resources/UnitySubsystems
[Subsystems] Discovering subsystems at path /Users/vincentzhao/Desktop/SE_project_ideas/COMP2281_VR-AI-Design-Thinking/The VR room project/Assets
GfxDevice: creating device client; threaded=0
2022-03-15 22:12:25.141 Unity[84741:18748887] Color LCD preferred device: Intel(R) UHD Graphics 630 (low power)
2022-03-15 22:12:25.141 Unity[84741:18748887] Metal devices available: 2
2022-03-15 22:12:25.141 Unity[84741:18748887] 0: AMD Radeon Pro 5500M (high power)
2022-03-15 22:12:25.141 Unity[84741:18748887] 1: Intel(R) UHD Graphics 630 (low power)
2022-03-15 22:12:25.141 Unity[84741:18748887] Using device AMD Radeon Pro 5500M (high power)
Initializing Metal device caps: AMD Radeon Pro 5500M
Initialize mono
Mono path[0] = '/Applications/Unity/Hub/Editor/2020.3.22f1/Unity.app/Contents/Managed'
Mono path[1] = '/Applications/Unity/Hub/Editor/2020.3.22f1/Unity.app/Contents/MonoBleedingEdge/lib/mono/unityjit'
Mono config path = '/Applications/Unity/Hub/Editor/2020.3.22f1/Unity.app/Contents/MonoBleedingEdge/etc'
Using monoOptions --debugger-agent=transport=dt_socket,embedding=1,server=y,suspend=n,address=127.0.0.1:56741
Begin MonoManager ReloadAssembly
Registering precompiled unity dll's ...
Register platform support module: /Applications/Unity/Hub/Editor/2020.3.22f1/PlaybackEngines/WebGLSupport/UnityEditor.WebGL.Extensions.dll
Register platform support module: /Applications/Unity/Hub/Editor/2020.3.22f1/Unity.app/Contents/PlaybackEngines/MacStandaloneSupport/UnityEditor.OSXStandalone.Extensions.dll
Register platform support module: /Applications/Unity/Hub/Editor/2020.3.22f1/PlaybackEngines/WindowsStandaloneSupport/UnityEditor.WindowsStandalone.Extensions.dll
Register platform support module: /Applications/Unity/Hub/Editor/2020.3.22f1/PlaybackEngines/LinuxStandaloneSupport/UnityEditor.LinuxStandalone.Extensions.dll
Register platform support module: /Applications/Unity/Hub/Editor/2020.3.22f1/PlaybackEngines/LuminSupport/UnityEditor.Lumin.Extensions.dll
Registered in 0.004557 seconds.
Native extension for Lumin target not found
Native extension for LinuxStandalone target not found
Native extension for WindowsStandalone target not found
Native extension for OSXStandalone target not found
Native extension for WebGL target not found
Refreshing native plugins compatible for Editor in 54.71 ms, found 3 plugins.
Preloading 1 native plugins for Editor in 0.30 ms.
Mono: successfully reloaded assembly
- Completed reload, in  3.288 seconds
Domain Reload Profiling:
	ReloadAssembly (3288ms)
		BeginReloadAssembly (41ms)
			ExecutionOrderSort (0ms)
			DisableScriptedObjects (0ms)
			BackupInstance (0ms)
			ReleaseScriptingObjects (0ms)
			CreateAndSetChildDomain (1ms)
		EndReloadAssembly (556ms)
			LoadAssemblies (45ms)
			RebuildTransferFunctionScriptingTraits (0ms)
			SetupTypeCache (212ms)
			ReleaseScriptCaches (0ms)
			RebuildScriptCaches (34ms)
			SetupLoadedEditorAssemblies (212ms)
				LogAssemblyErrors (0ms)
				InitializePlatformSupportModulesInManaged (8ms)
				SetLoadedEditorAssemblies (0ms)
				RefreshPlugins (55ms)
				BeforeProcessingInitializeOnLoad (10ms)
				ProcessInitializeOnLoadAttributes (108ms)
				ProcessInitializeOnLoadMethodAttributes (31ms)
				AfterProcessingInitializeOnLoad (0ms)
				EditorAssembliesLoaded (0ms)
			ExecutionOrderSort2 (0ms)
			AwakeInstancesAfterBackupRestoration (0ms)
Platform modules already initialized, skipping
Registering precompiled user dll's ...
Registered in 0.009849 seconds.
Begin MonoManager ReloadAssembly
Native extension for Lumin target not found
Native extension for LinuxStandalone target not found
Native extension for WindowsStandalone target not found
Native extension for OSXStandalone target not found
Native extension for WebGL target not found
Refreshing native plugins compatible for Editor in 56.04 ms, found 3 plugins.
Preloading 1 native plugins for Editor in 0.34 ms.
Mono: successfully reloaded assembly
- Completed reload, in  1.497 seconds
Domain Reload Profiling:
	ReloadAssembly (1498ms)
		BeginReloadAssembly (178ms)
			ExecutionOrderSort (0ms)
			DisableScriptedObjects (5ms)
			BackupInstance (0ms)
			ReleaseScriptingObjects (0ms)
			CreateAndSetChildDomain (28ms)
		EndReloadAssembly (1252ms)
			LoadAssemblies (122ms)
			RebuildTransferFunctionScriptingTraits (0ms)
			SetupTypeCache (440ms)
			ReleaseScriptCaches (1ms)
			RebuildScriptCaches (61ms)
			SetupLoadedEditorAssemblies (497ms)
				LogAssemblyErrors (0ms)
				InitializePlatformSupportModulesInManaged (6ms)
				SetLoadedEditorAssemblies (0ms)
				RefreshPlugins (56ms)
				BeforeProcessingInitializeOnLoad (81ms)
				ProcessInitializeOnLoadAttributes (342ms)
				ProcessInitializeOnLoadMethodAttributes (10ms)
				AfterProcessingInitializeOnLoad (1ms)
				EditorAssembliesLoaded (0ms)
			ExecutionOrderSort2 (0ms)
			AwakeInstancesAfterBackupRestoration (7ms)
Platform modules already initialized, skipping
Validating Project structure ... 0.016865 seconds.
Shader import version has changed; will reimport all shaders...
Upgrading shader files ...0.034240 seconds.
Application.AssetDatabase Initial Script Refresh Start
RefreshInfo: InitialScriptRefreshV2(NoUpdateAssetOptions) scanfilter:  ... 1 filters
RefreshProfiler: Total: 0.000ms
Application.AssetDatabase Initial Script Refresh End
Application.AssetDatabase.Refresh Start
Application.AssetDatabase.Refresh End
RefreshInfo: StopAssetImportingV2(ForceSynchronousImport) scanfilter: 
RefreshProfiler: Total: 0.000ms
Launching external process: /Applications/Unity/Hub/Editor/2020.3.22f1/Unity.app/Contents/Tools/UnityShaderCompiler
Launched and connected shader compiler UnityShaderCompiler after 0.01 seconds
Initializing Unity extensions:
2022-03-15 22:12:32.251 Unity[84741:18748887] NSEventModifierFlagFunction specified to -setKeyEquivalentModifierMask: for item <NSMenuItem: 0x60000190edf0 Font Asset, ke='Command-F12'>, but is only supported for system-provided menu items; will not be used
2022-03-15 22:12:32.256 Unity[84741:18748887] NSEventModifierFlagFunction specified to -setKeyEquivalentModifierMask: for item <NSMenuItem: 0x6000019db790 Font Asset, ke='Command-F12'>, but is only supported for system-provided menu items; will not be used
========================================================================
Worker process is ready to serve import requests
Refreshing native plugins compatible for Editor in 0.69 ms, found 3 plugins.
Preloading 1 native plugins for Editor in 0.36 ms.
Unloading 2926 Unused Serialized files (Serialized files now loaded: 0)
System memory in use before: 268.5 MB.
System memory in use after: 267.8 MB.

Unloading 162 unused Assets to reduce memory usage. Loaded Objects now: 3396.
Total: 4.442983 ms (FindLiveObjects: 0.341423 ms CreateObjectMapping: 0.155207 ms MarkObjects: 3.363255 ms  DeleteObjects: 0.581778 ms)

AssetImportParameters requested are different than current active one (requested -> active):
  custom:video-decoder-ogg-theora: a1e56fd34408186e4bbccfd4996cb3dc -> 
  custom:container-muxer-webm: aa71ff27fc2769a1b78a27578f13a17b -> 
  custom:container-demuxer-webm: 4f35f7cbe854078d1ac9338744f61a02 -> 
  custom:container-demuxer-ogg: 62fdf1f143b41e24485cea50d1cbac27 -> 
  custom:video-encoder-webm-vp8: eb34c28f22e8b96e1ab97ce403110664 -> 
  custom:framework-osx-AVFoundation: e770b220cccbd017edd2c1fefb359320 -> 
  custom:video-decoder-webm-vp8: 9c59270c3fd7afecdb556c50c9e8de78 -> 
  custom:audio-decoder-ogg-vorbis: bf7c407c2cedff20999df2af8eb42d56 -> 
  custom:audio-encoder-webm-vorbis: bf7c407c2cedff20999df2af8eb42d56 -> 
========================================================================
Received Import Request.
  path: Assets/WhiteBoard/Prefabs
  artifactKey: Guid(ec63ac64c70884e658c67bbab5ffd79a) Importer(815301076,1909f56bfc062723c751e8b465ee728b)
Start importing Assets/WhiteBoard/Prefabs using Guid(ec63ac64c70884e658c67bbab5ffd79a) Importer(815301076,1909f56bfc062723c751e8b465ee728b)  -> (artifact id: 'ac0098b70bee00772035ed440578b543') in 0.009827 seconds 
  Import took 0.015996 seconds .

========================================================================
Received Import Request.
  Time since last request: 0.001938 seconds.
  path: Assets/WhiteBoard/Prefabs/WhiteBoard.prefab
  artifactKey: Guid(bc948abfa322d4917b24e87bf414a4e6) Importer(815301076,1909f56bfc062723c751e8b465ee728b)
Start importing Assets/WhiteBoard/Prefabs/WhiteBoard.prefab using Guid(bc948abfa322d4917b24e87bf414a4e6) Importer(815301076,1909f56bfc062723c751e8b465ee728b)  -> (artifact id: 'dbac44f6392eb8c4156d55337bce9daa') in 2.083177 seconds 
  Import took 2.097074 seconds .

========================================================================
Received Import Request.
  Time since last request: 91.106548 seconds.
  path: Assets/WhiteBoard/Materials
  artifactKey: Guid(64e5e2eb90b0e4428ae84e97eee7c23c) Importer(815301076,1909f56bfc062723c751e8b465ee728b)
Start importing Assets/WhiteBoard/Materials using Guid(64e5e2eb90b0e4428ae84e97eee7c23c) Importer(815301076,1909f56bfc062723c751e8b465ee728b)  -> (artifact id: '849e59530a0c9d4e9d01ee5f5a561cca') in 0.034614 seconds 
  Import took 0.040797 seconds .

========================================================================
Received Prepare
Registering precompiled user dll's ...
Registered in 0.014782 seconds.
Begin MonoManager ReloadAssembly
Native extension for Lumin target not found
Native extension for LinuxStandalone target not found
Native extension for WindowsStandalone target not found
Native extension for OSXStandalone target not found
Native extension for WebGL target not found
Refreshing native plugins compatible for Editor in 0.90 ms, found 3 plugins.
Preloading 1 native plugins for Editor in 0.52 ms.
2022-03-15 22:17:48.137 Unity[84741:18748887] NSEventModifierFlagFunction specified to -setKeyEquivalentModifierMask: for item <NSMenuItem: 0x600001935d50 Font Asset, ke='Command-F12'>, but is only supported for system-provided menu items; will not be used
Mono: successfully reloaded assembly
- Completed reload, in  1.956 seconds
Domain Reload Profiling:
	ReloadAssembly (1957ms)
		BeginReloadAssembly (205ms)
			ExecutionOrderSort (0ms)
			DisableScriptedObjects (11ms)
			BackupInstance (0ms)
			ReleaseScriptingObjects (0ms)
			CreateAndSetChildDomain (111ms)
		EndReloadAssembly (1675ms)
			LoadAssemblies (134ms)
			RebuildTransferFunctionScriptingTraits (0ms)
			SetupTypeCache (536ms)
			ReleaseScriptCaches (1ms)
			RebuildScriptCaches (51ms)
			SetupLoadedEditorAssemblies (767ms)
				LogAssemblyErrors (0ms)
				InitializePlatformSupportModulesInManaged (10ms)
				SetLoadedEditorAssemblies (1ms)
				RefreshPlugins (1ms)
				BeforeProcessingInitializeOnLoad (213ms)
				ProcessInitializeOnLoadAttributes (516ms)
				ProcessInitializeOnLoadMethodAttributes (22ms)
				AfterProcessingInitializeOnLoad (3ms)
				EditorAssembliesLoaded (1ms)
			ExecutionOrderSort2 (0ms)
			AwakeInstancesAfterBackupRestoration (14ms)
Platform modules already initialized, skipping
Refreshing native plugins compatible for Editor in 1.71 ms, found 3 plugins.
Preloading 1 native plugins for Editor in 0.47 ms.
Unloading 2894 Unused Serialized files (Serialized files now loaded: 0)
System memory in use before: 279.7 MB.
System memory in use after: 279.9 MB.

Unloading 25 unused Assets to reduce memory usage. Loaded Objects now: 3407.
Total: 6.573935 ms (FindLiveObjects: 1.180504 ms CreateObjectMapping: 0.360680 ms MarkObjects: 4.953398 ms  DeleteObjects: 0.075754 ms)

AssetImportParameters requested are different than current active one (requested -> active):
  custom:video-decoder-ogg-theora: a1e56fd34408186e4bbccfd4996cb3dc -> 
  custom:container-muxer-webm: aa71ff27fc2769a1b78a27578f13a17b -> 
  custom:container-demuxer-webm: 4f35f7cbe854078d1ac9338744f61a02 -> 
  custom:container-demuxer-ogg: 62fdf1f143b41e24485cea50d1cbac27 -> 
  custom:video-encoder-webm-vp8: eb34c28f22e8b96e1ab97ce403110664 -> 
  custom:framework-osx-AVFoundation: e770b220cccbd017edd2c1fefb359320 -> 
  custom:video-decoder-webm-vp8: 9c59270c3fd7afecdb556c50c9e8de78 -> 
  custom:audio-decoder-ogg-vorbis: bf7c407c2cedff20999df2af8eb42d56 -> 
  custom:audio-encoder-webm-vorbis: bf7c407c2cedff20999df2af8eb42d56 -> 
========================================================================
Received Import Request.
  Time since last request: 243.110150 seconds.
  path: Assets/WhiteBoard/Prefabs/Pen.prefab
  artifactKey: Guid(4b0f0333b7c9c4b34ae1d75ecdce308d) Importer(815301076,1909f56bfc062723c751e8b465ee728b)
Start importing Assets/WhiteBoard/Prefabs/Pen.prefab using Guid(4b0f0333b7c9c4b34ae1d75ecdce308d) Importer(815301076,1909f56bfc062723c751e8b465ee728b)  -> (artifact id: '75b4b71486061433835cddcfe7747a75') in 0.247231 seconds 
  Import took 0.256068 seconds .

========================================================================
Received Import Request.
  Time since last request: 247.340140 seconds.
  path: Assets/WhiteBoard/Scripts
  artifactKey: Guid(8ee277c80e0384225b2d1827a9a9d719) Importer(815301076,1909f56bfc062723c751e8b465ee728b)
Start importing Assets/WhiteBoard/Scripts using Guid(8ee277c80e0384225b2d1827a9a9d719) Importer(815301076,1909f56bfc062723c751e8b465ee728b)  -> (artifact id: '177dd6772c17e1a056ff650ac4969cc1') in 0.001497 seconds 
  Import took 0.007145 seconds .

========================================================================
Received Import Request.
  Time since last request: 1.016252 seconds.
  path: Assets/WhiteBoard/Scripts/Pen.cs
  artifactKey: Guid(fa48d186ed8e2430cb49ac7b692b20c4) Importer(815301076,1909f56bfc062723c751e8b465ee728b)
Start importing Assets/WhiteBoard/Scripts/Pen.cs using Guid(fa48d186ed8e2430cb49ac7b692b20c4) Importer(815301076,1909f56bfc062723c751e8b465ee728b)  -> (artifact id: '3e7198f2e5f8a0af595f334b008acbfa') in 1.566116 seconds 
  Import took 1.571318 seconds .

========================================================================
Received Import Request.
  Time since last request: 831.442066 seconds.
  path: Assets/WhiteBoard/Scripts/Whiteboard.cs
  artifactKey: Guid(23a3a4f6f30894b52a47b4daec61309c) Importer(815301076,1909f56bfc062723c751e8b465ee728b)
Start importing Assets/WhiteBoard/Scripts/Whiteboard.cs using Guid(23a3a4f6f30894b52a47b4daec61309c) Importer(815301076,1909f56bfc062723c751e8b465ee728b)  -> (artifact id: '4eb849db31f7a0efa661948f8913ebfe') in 0.090444 seconds 
  Import took 0.412657 seconds .

========================================================================
Received Prepare
Registering precompiled user dll's ...
Registered in 0.019691 seconds.
Begin MonoManager ReloadAssembly
Native extension for Lumin target not found
Native extension for LinuxStandalone target not found
Native extension for WindowsStandalone target not found
Native extension for OSXStandalone target not found
Native extension for WebGL target not found
Refreshing native plugins compatible for Editor in 0.87 ms, found 3 plugins.
Preloading 1 native plugins for Editor in 1.49 ms.
2022-03-15 22:42:38.039 Unity[84741:18748887] NSEventModifierFlagFunction specified to -setKeyEquivalentModifierMask: for item <NSMenuItem: 0x6000019dfaa0 Font Asset, ke='Command-F12'>, but is only supported for system-provided menu items; will not be used
Mono: successfully reloaded assembly
- Completed reload, in  2.128 seconds
Domain Reload Profiling:
	ReloadAssembly (2135ms)
		BeginReloadAssembly (360ms)
			ExecutionOrderSort (0ms)
			DisableScriptedObjects (22ms)
			BackupInstance (0ms)
			ReleaseScriptingObjects (0ms)
			CreateAndSetChildDomain (236ms)
		EndReloadAssembly (1676ms)
			LoadAssemblies (166ms)
			RebuildTransferFunctionScriptingTraits (0ms)
			SetupTypeCache (579ms)
			ReleaseScriptCaches (1ms)
			RebuildScriptCaches (67ms)
			SetupLoadedEditorAssemblies (678ms)
				LogAssemblyErrors (0ms)
				InitializePlatformSupportModulesInManaged (10ms)
				SetLoadedEditorAssemblies (1ms)
				RefreshPlugins (2ms)
				BeforeProcessingInitializeOnLoad (142ms)
				ProcessInitializeOnLoadAttributes (497ms)
				ProcessInitializeOnLoadMethodAttributes (22ms)
				AfterProcessingInitializeOnLoad (2ms)
				EditorAssembliesLoaded (2ms)
			ExecutionOrderSort2 (0ms)
			AwakeInstancesAfterBackupRestoration (11ms)
Platform modules already initialized, skipping
Refreshing native plugins compatible for Editor in 0.87 ms, found 3 plugins.
Preloading 1 native plugins for Editor in 0.29 ms.
Unloading 2894 Unused Serialized files (Serialized files now loaded: 0)
System memory in use before: 284.2 MB.
System memory in use after: 284.4 MB.

Unloading 24 unused Assets to reduce memory usage. Loaded Objects now: 3412.
Total: 11.709088 ms (FindLiveObjects: 1.471416 ms CreateObjectMapping: 0.198809 ms MarkObjects: 9.990897 ms  DeleteObjects: 0.046855 ms)

AssetImportParameters requested are different than current active one (requested -> active):
  custom:video-decoder-ogg-theora: a1e56fd34408186e4bbccfd4996cb3dc -> 
  custom:container-muxer-webm: aa71ff27fc2769a1b78a27578f13a17b -> 
  custom:container-demuxer-webm: 4f35f7cbe854078d1ac9338744f61a02 -> 
  custom:container-demuxer-ogg: 62fdf1f143b41e24485cea50d1cbac27 -> 
  custom:video-encoder-webm-vp8: eb34c28f22e8b96e1ab97ce403110664 -> 
  custom:framework-osx-AVFoundation: e770b220cccbd017edd2c1fefb359320 -> 
  custom:video-decoder-webm-vp8: 9c59270c3fd7afecdb556c50c9e8de78 -> 
  custom:audio-decoder-ogg-vorbis: bf7c407c2cedff20999df2af8eb42d56 -> 
  custom:audio-encoder-webm-vorbis: bf7c407c2cedff20999df2af8eb42d56 -> 
========================================================================
Received Prepare
Registering precompiled user dll's ...
Registered in 0.021228 seconds.
Begin MonoManager ReloadAssembly
Native extension for Lumin target not found
Native extension for LinuxStandalone target not found
Native extension for WindowsStandalone target not found
Native extension for OSXStandalone target not found
Native extension for WebGL target not found
Refreshing native plugins compatible for Editor in 1.56 ms, found 3 plugins.
Preloading 1 native plugins for Editor in 0.76 ms.
2022-03-15 22:43:38.439 Unity[84741:18748887] NSEventModifierFlagFunction specified to -setKeyEquivalentModifierMask: for item <NSMenuItem: 0x600001923170 Font Asset, ke='Command-F12'>, but is only supported for system-provided menu items; will not be used
Mono: successfully reloaded assembly
- Completed reload, in  3.384 seconds
Domain Reload Profiling:
	ReloadAssembly (3403ms)
		BeginReloadAssembly (581ms)
			ExecutionOrderSort (0ms)
			DisableScriptedObjects (34ms)
			BackupInstance (0ms)
			ReleaseScriptingObjects (0ms)
			CreateAndSetChildDomain (340ms)
		EndReloadAssembly (2688ms)
			LoadAssemblies (313ms)
			RebuildTransferFunctionScriptingTraits (0ms)
			SetupTypeCache (988ms)
			ReleaseScriptCaches (2ms)
			RebuildScriptCaches (112ms)
			SetupLoadedEditorAssemblies (1005ms)
				LogAssemblyErrors (0ms)
				InitializePlatformSupportModulesInManaged (53ms)
				SetLoadedEditorAssemblies (1ms)
				RefreshPlugins (2ms)
				BeforeProcessingInitializeOnLoad (244ms)
				ProcessInitializeOnLoadAttributes (677ms)
				ProcessInitializeOnLoadMethodAttributes (25ms)
				AfterProcessingInitializeOnLoad (2ms)
				EditorAssembliesLoaded (1ms)
			ExecutionOrderSort2 (0ms)
			AwakeInstancesAfterBackupRestoration (14ms)
Platform modules already initialized, skipping
Refreshing native plugins compatible for Editor in 1.75 ms, found 3 plugins.
Preloading 1 native plugins for Editor in 0.50 ms.
Unloading 2894 Unused Serialized files (Serialized files now loaded: 0)
System memory in use before: 284.4 MB.
System memory in use after: 284.6 MB.

Unloading 23 unused Assets to reduce memory usage. Loaded Objects now: 3415.
Total: 6.853253 ms (FindLiveObjects: 1.226270 ms CreateObjectMapping: 0.298858 ms MarkObjects: 5.273191 ms  DeleteObjects: 0.052477 ms)

AssetImportParameters requested are different than current active one (requested -> active):
  custom:video-decoder-ogg-theora: a1e56fd34408186e4bbccfd4996cb3dc -> 
  custom:container-muxer-webm: aa71ff27fc2769a1b78a27578f13a17b -> 
  custom:container-demuxer-webm: 4f35f7cbe854078d1ac9338744f61a02 -> 
  custom:container-demuxer-ogg: 62fdf1f143b41e24485cea50d1cbac27 -> 
  custom:video-encoder-webm-vp8: eb34c28f22e8b96e1ab97ce403110664 -> 
  custom:framework-osx-AVFoundation: e770b220cccbd017edd2c1fefb359320 -> 
  custom:video-decoder-webm-vp8: 9c59270c3fd7afecdb556c50c9e8de78 -> 
  custom:audio-decoder-ogg-vorbis: bf7c407c2cedff20999df2af8eb42d56 -> 
  custom:audio-encoder-webm-vorbis: bf7c407c2cedff20999df2af8eb42d56 -> 
AssetImportWorkerClient::OnTransportError - code=2 error=End of file
